2026-01-29 02:40:21,012 - RFM_Deployment - WARNING - Access Denied: User youssefaboali122@gmail.com...
2026-01-29 02:40:49,173 - RFM_Deployment - WARNING - Access Denied: User youssefaboali122@gmail.com...
2026-01-29 02:54:09,979 - slowapi - WARNING - ratelimit 5 per 1 minute (user:youssefaboali122@gmail.com) exceeded at endpoint: /predict
2026-01-29 02:54:12,275 - slowapi - WARNING - ratelimit 5 per 1 minute (user:youssefaboali122@gmail.com) exceeded at endpoint: /predict
2026-01-29 02:54:13,277 - slowapi - WARNING - ratelimit 5 per 1 minute (user:youssefaboali122@gmail.com) exceeded at endpoint: /predict
2026-01-29 03:28:48,868 - slowapi - WARNING - ratelimit 5 per 1 minute (user:youssefaboali122@gmail.com) exceeded at endpoint: /predict
2026-01-29 03:28:49,322 - slowapi - WARNING - ratelimit 5 per 1 minute (user:youssefaboali122@gmail.com) exceeded at endpoint: /predict
2026-01-29 03:42:34,080 - RFM_Deployment - WARNING - Access Denied: User qwert@gmail.com...
2026-01-29 03:42:41,337 - RFM_Deployment - WARNING - Access Denied: User qwert@gmail.com...
2026-01-29 03:42:48,580 - RFM_Deployment - WARNING - Access Denied: User qwert@gmail.com...
2026-01-29 03:42:53,904 - RFM_Deployment - WARNING - Access Denied: User qwert@gmail.com...
2026-01-29 03:43:12,281 - RFM_Deployment - WARNING - Access Denied: User qwert@gmail.com...
2026-01-29 03:52:07,639 - RFM_Deployment - WARNING - Access Denied: User qwert@gmail.com...
2026-01-29 03:52:09,530 - RFM_Deployment - WARNING - Access Denied: User qwert@gmail.com...
2026-01-30 19:30:41,340 - RFM_Deployment - WARNING - Access Denied: User eng.youssef.aboali0625@gmail.com...
2026-01-30 19:30:41,538 - RFM_Deployment - WARNING - Access Denied: User eng.youssef.aboali0625@gmail.com...
2026-01-30 19:30:56,259 - RFM_Deployment - WARNING - Access Denied: User eng.youssef.aboali0625@gmail.com...
2026-01-30 19:31:01,191 - RFM_Deployment - WARNING - Access Denied: User eng.youssef.aboali0625@gmail.com...
2026-01-30 19:31:07,090 - RFM_Deployment - WARNING - Access Denied: User eng.youssef.aboali0625@gmail.com...
2026-01-30 19:31:21,202 - RFM_Deployment - WARNING - Access Denied: User eng.youssef.aboali0625@gmail.com...
2026-01-30 19:31:35,250 - RFM_Deployment - WARNING - Access Denied: User eng.youssef.aboali0625@gmail.com...
2026-01-30 19:34:23,817 - RFM_Deployment - WARNING - Access Denied: User eng.youssef.aboali0625@gmail.com...
2026-01-30 19:34:39,060 - RFM_Deployment - WARNING - Access Denied: User eng.youssef.aboali0625@gmail.com...
2026-01-30 19:34:42,331 - RFM_Deployment - WARNING - Access Denied: User eng.youssef.aboali0625@gmail.com...
2026-01-30 19:34:46,934 - RFM_Deployment - WARNING - Access Denied: User eng.youssef.aboali0625@gmail.com...
2026-01-30 19:34:58,693 - RFM_Deployment - WARNING - Access Denied: User eng.youssef.aboali0625@gmail.com...
2026-01-30 19:35:38,022 - RFM_Deployment - WARNING - Access Denied: User eng.youssef.aboali0625@gmail.com...
2026-01-30 19:36:38,827 - RFM_Deployment - WARNING - Access Denied: User eng.youssef.aboali0625@gmail.com...
2026-01-30 19:37:14,218 - RFM_Deployment - WARNING - Access Denied: User eng.youssef.aboali0625@gmail.com...
2026-01-30 19:37:40,267 - RFM_Deployment - WARNING - Access Denied: User eng.youssef.aboali0625@gmail.com...
2026-01-30 19:40:21,781 - RFM_Deployment - WARNING - Access Denied: User eng.youssef.aboali0625@gmail.com...
2026-01-30 19:41:20,508 - RFM_Deployment - WARNING - Access Denied: User eng.youssef.aboali0625@gmail.com...
2026-01-30 19:44:04,571 - RFM_Deployment - WARNING - Access Denied: User eng.youssef.aboali0625@gmail.com...
2026-01-30 19:44:16,355 - RFM_Deployment - WARNING - Access Denied: User eng.youssef.aboali0625@gmail.com...
2026-01-30 19:45:17,229 - RFM_Deployment - WARNING - Access Denied: User eng.youssef.aboali0625@gmail.com...
2026-01-30 19:46:03,755 - RFM_Deployment - WARNING - Access Denied: User eng.youssef.aboali0625@gmail.com...
2026-01-30 19:46:16,367 - RFM_Deployment - WARNING - Access Denied: User eng.youssef.aboali0625@gmail.com...
2026-01-30 19:46:25,116 - RFM_Deployment - WARNING - Access Denied: User eng.youssef.aboali0625@gmail.com...
2026-01-30 19:48:24,897 - RFM_Deployment - WARNING - Access Denied: User eng.youssef.aboali0625@gmail.com...
2026-01-30 19:48:35,678 - RFM_Deployment - WARNING - Access Denied: User eng.youssef.aboali0625@gmail.com...
2026-01-30 19:48:45,704 - RFM_Deployment - WARNING - Access Denied: User eng.youssef.aboali0625@gmail.com...
2026-01-31 21:56:55,920 - RFM_Deployment - INFO - 📥 Incoming Request | IP: 127.0.0.1 | Items: 1
2026-01-31 21:56:55,994 - RFM_Deployment - INFO - ✅ Success | Logged: 1 | Latency: 0.0739s
2026-01-31 22:06:53,524 - RFM_Deployment - INFO - 📥 Incoming Request | IP: 127.0.0.1 | Items: 1
2026-01-31 22:06:53,575 - RFM_Deployment - INFO - ✅ Success | Logged: 1 | Latency: 0.0506s
2026-01-31 22:08:43,164 - RFM_Deployment - INFO - 📥 Incoming Request | IP: 127.0.0.1 | Items: 1
2026-01-31 22:08:43,188 - RFM_Deployment - INFO - ✅ Success | Logged: 1 | Latency: 0.0237s
2026-01-31 23:40:36,877 - RFM_Deployment - INFO - 📥 Incoming Request | IP: 127.0.0.1 | Items: 1
2026-01-31 23:40:37,196 - RFM_Deployment - INFO - ✅ Success | Logged: 1 | Latency: 0.3192s
2026-01-31 23:43:53,949 - RFM_Deployment - INFO - 📥 Incoming Request | IP: 127.0.0.1 | Items: 1
2026-01-31 23:43:53,988 - RFM_Deployment - INFO - ✅ Success | Logged: 1 | Latency: 0.0394s
